app/build/outputs/mapping/release/seeds.txt
adk.string.FluidicElement
adk.string.FluidicElement: FluidicElement(android.content.Context)
adk.string.FluidicElement: FluidicElement(android.content.Context,android.util.AttributeSet)
adk.string.FluidicElement: void setFluidityX(boolean)
adk.string.FluidicElement: void setFluidityY(boolean)
adk.string.FluidicElement: float getMinX()
adk.string.FluidicElement: float getMinY()
adk.string.FluidicElement: float getMaxX()
adk.string.FluidicElement: float getMaxY()
adk.string.GestureDrivenStringDetector: void pausePreview(boolean)
adk.string.HistoryActivity
adk.string.HistoryActivity: HistoryActivity()
adk.string.MainActivity
adk.string.MainActivity: MainActivity()
adk.string.MainActivity: void showHistory(android.view.View)
adk.string.MainActivity: void openSettings(android.view.View)
adk.string.MainActivity: void openInChrome(android.view.View)
adk.string.MainActivity: void pausePreview(android.view.View)
adk.string.MainActivity: void manualSearch(android.view.View)
adk.string.Onboarding
adk.string.Onboarding: Onboarding()
adk.string.R$anim: int abc_fade_in
adk.string.R$anim: int abc_fade_out
adk.string.R$anim: int abc_grow_fade_in_from_bottom
adk.string.R$anim: int abc_popup_enter
adk.string.R$anim: int abc_popup_exit
adk.string.R$anim: int abc_shrink_fade_out_from_bottom
adk.string.R$anim: int abc_slide_in_bottom
adk.string.R$anim: int abc_slide_in_top
adk.string.R$anim: int abc_slide_out_bottom
adk.string.R$anim: int abc_slide_out_top
adk.string.R$anim: int design_bottom_sheet_slide_in
adk.string.R$anim: int design_bottom_sheet_slide_out
adk.string.R$anim: int design_snackbar_in
adk.string.R$anim: int design_snackbar_out
adk.string.R$anim: int tooltip_enter
adk.string.R$anim: int tooltip_exit
adk.string.R$animator: int design_appbar_state_list_animator
adk.string.R$array: int com_google_android_gms_fonts_certs
adk.string.R$array: int com_google_android_gms_fonts_certs_dev
adk.string.R$array: int com_google_android_gms_fonts_certs_prod
adk.string.R$array: int preloaded_fonts
adk.string.R$attr: int actionBarDivider
adk.string.R$attr: int actionBarItemBackground
adk.string.R$attr: int actionBarPopupTheme
adk.string.R$attr: int actionBarSize
adk.string.R$attr: int actionBarSplitStyle
adk.string.R$attr: int actionBarStyle
adk.string.R$attr: int actionBarTabBarStyle
adk.string.R$attr: int actionBarTabStyle
adk.string.R$attr: int actionBarTabTextStyle
adk.string.R$attr: int actionBarTheme
adk.string.R$attr: int actionBarWidgetTheme
adk.string.R$attr: int actionButtonStyle
adk.string.R$attr: int actionDropDownStyle
adk.string.R$attr: int actionLayout
adk.string.R$attr: int actionMenuTextAppearance
adk.string.R$attr: int actionMenuTextColor
adk.string.R$attr: int actionModeBackground
adk.string.R$attr: int actionModeCloseButtonStyle
adk.string.R$attr: int actionModeCloseDrawable
adk.string.R$attr: int actionModeCopyDrawable
adk.string.R$attr: int actionModeCutDrawable
adk.string.R$attr: int actionModeFindDrawable
adk.string.R$attr: int actionModePasteDrawable
adk.string.R$attr: int actionModePopupWindowStyle
adk.string.R$attr: int actionModeSelectAllDrawable
adk.string.R$attr: int actionModeShareDrawable
adk.string.R$attr: int actionModeSplitBackground
adk.string.R$attr: int actionModeStyle
adk.string.R$attr: int actionModeWebSearchDrawable
adk.string.R$attr: int actionOverflowButtonStyle
adk.string.R$attr: int actionOverflowMenuStyle
adk.string.R$attr: int actionProviderClass
adk.string.R$attr: int actionViewClass
adk.string.R$bool: int abc_action_bar_embed_tabs
adk.string.R$bool: int abc_allow_stacked_button_bar
adk.string.R$bool: int abc_config_actionMenuItemAllCaps
adk.string.R$bool: int abc_config_closeDialogWhenTouchOutside
adk.string.R$bool: int abc_config_showMenuShortcutsWhenKeyboardPresent
...
android.support.transition.R$dimen: int compat_button_inset_horizontal_material
android.support.transition.R$dimen: int compat_button_inset_vertical_material
android.support.transition.R$dimen: int compat_button_padding_horizontal_material
android.support.transition.R$dimen: int compat_button_padding_vertical_material
android.support.transition.R$dimen: int compat_control_corner_material
android.support.transition.R$dimen: int notification_action_icon_size
android.support.transition.R$dimen: int notification_action_text_size
android.support.transition.R$dimen: int notification_big_circle_margin
android.support.transition.R$dimen: int notification_content_margin_start
android.support.transition.R$dimen: int notification_large_icon_height
android.support.transition.R$dimen: int notification_large_icon_width
android.support.transition.R$dimen: int notification_main_column_padding_top
android.support.transition.R$dimen: int notification_media_narrow_margin
android.support.transition.R$dimen: int notification_right_icon_size
android.support.transition.R$dimen: int notification_right_side_padding_top
android.support.transition.R$dimen: int notification_small_icon_background_padding
android.support.transition.R$dimen: int notification_small_icon_size_as_large
android.support.transition.R$dimen: int notification_subtext_size
android.support.transition.R$dimen: int notification_top_pad
android.support.transition.R$dimen: int notification_top_pad_large_text
android.support.transition.R$drawable: int notification_action_background
android.support.transition.R$drawable: int notification_bg
android.support.transition.R$drawable: int notification_bg_low
android.support.transition.R$drawable: int notification_bg_low_normal
android.support.transition.R$drawable: int notification_bg_low_pressed
android.support.transition.R$drawable: int notification_bg_normal
android.support.transition.R$drawable: int notification_bg_normal_pressed
android.support.transition.R$drawable: int notification_icon_background
android.support.transition.R$drawable: int notification_template_icon_bg
android.support.transition.R$drawable: int notification_template_icon_low_bg
android.support.transition.R$drawable: int notification_tile_bg
android.support.transition.R$drawable: int notify_panel_notification_icon_bg
android.support.transition.R$id: int action_container
android.support.transition.R$id: int action_divider
android.support.transition.R$id: int action_image
android.support.transition.R$id: int action_text
android.support.transition.R$id: int actions
android.support.transition.R$id: int async
android.support.transition.R$id: int blocking
android.support.transition.R$id: int chronometer
android.support.transition.R$id: int forever
android.support.transition.R$id: int ghost_view
android.support.transition.R$id: int icon
android.support.transition.R$id: int icon_group
android.support.transition.R$id: int info
android.support.transition.R$id: int italic
android.support.transition.R$id: int line1
android.support.transition.R$id: int line3
android.support.transition.R$id: int normal
android.support.transition.R$id: int notification_background
android.support.transition.R$id: int notification_main_column
android.support.transition.R$id: int notification_main_column_container
android.support.transition.R$id: int parent_matrix
android.support.transition.R$id: int right_icon
android.support.transition.R$id: int right_side
android.support.transition.R$id: int save_image_matrix
android.support.transition.R$id: int save_non_transition_alpha
android.support.transition.R$id: int save_scale_type
android.support.transition.R$id: int tag_transition_group
android.support.transition.R$id: int text
android.support.transition.R$id: int text2
android.support.transition.R$integer: int status_bar_notification_info_maxnum