app/build/outputs/mapping/release/mapping.txt
adk.string.DatasetUpdateCallback -> adk.string.a:
    void onUpdate() -> a
adk.string.FludicPositionChangeListener -> adk.string.b:
    void onPositionChanged(float,float) -> a
adk.string.FluidicElement -> adk.string.FluidicElement:
    java.lang.String TAG -> a
    boolean fluidityX -> b
    boolean fluidityY -> c
    android.support.animation.SpringForce forceX -> d
    android.support.animation.SpringForce forceY -> e
    android.support.animation.SpringAnimation springX -> f
    android.support.animation.SpringAnimation springY -> g
    android.support.animation.FlingAnimation flingX -> h
    android.support.animation.FlingAnimation flingY -> i
    float minX -> j
    float minY -> k
    float maxX -> l
    float maxY -> m
    android.view.VelocityTracker mVelocityTracker -> n
    float curX -> o
    float curY -> p
    float lastTouchX -> q
    float lastTouchY -> r
    adk.string.FludicPositionChangeListener listener -> s
    void <init>(android.content.Context) -> <init>
    void <init>(android.content.Context,android.util.AttributeSet) -> <init>
    void initialiseFluidity(android.content.Context) -> a
    void setupFlings() -> b
    void setupSprings() -> c
    boolean onTouchEvent(android.view.MotionEvent) -> onTouchEvent
    boolean withinBounds(float,int) -> a
    void springBackIntoBounds(int) -> a
    void setFluidityX(boolean) -> setFluidityX
    void setFluidityY(boolean) -> setFluidityY
    void flowDown() -> a
    void onLayout(boolean,int,int,int,int) -> onLayout
    void addPositionUpdateListener(adk.string.FludicPositionChangeListener) -> a
    void updateXY(float,float,java.lang.String) -> a
adk.string.FluidicElement$1 -> adk.string.FluidicElement$1:
    adk.string.FluidicElement this$0 -> a
    void <init>(adk.string.FluidicElement) -> <init>
    void onPositionChanged(float,float) -> a
adk.string.FluidicElement$11 -> adk.string.FluidicElement$2:
    adk.string.FluidicElement this$0 -> a
    void <init>(adk.string.FluidicElement) -> <init>
    void onAnimationUpdate(android.animation.ValueAnimator) -> onAnimationUpdate
adk.string.FluidicElement$12 -> adk.string.FluidicElement$3:
    adk.string.FluidicElement this$0 -> a
    void <init>(adk.string.FluidicElement) -> <init>
    void run() -> run
adk.string.FluidicElement$13 -> adk.string.FluidicElement$4:
    adk.string.FluidicElement this$0 -> a
    void <init>(adk.string.FluidicElement) -> <init>
    void onAnimationUpdate(android.animation.ValueAnimator) -> onAnimationUpdate
adk.string.FluidicElement$14 -> adk.string.FluidicElement$5:
    adk.string.FluidicElement this$0 -> a
    void <init>(adk.string.FluidicElement) -> <init>
    void run() -> run
adk.string.FluidicElement$2 -> adk.string.FluidicElement$6:
    adk.string.FluidicElement this$0 -> a
    void <init>(adk.string.FluidicElement) -> <init>
    void run() -> run
adk.string.FluidicElement$3 -> adk.string.FluidicElement$7:
    adk.string.FluidicElement this$0 -> a
    void <init>(adk.string.FluidicElement) -> <init>
    void onAnimationUpdate(android.support.animation.DynamicAnimation,float,float) -> a
adk.string.FluidicElement$4 -> adk.string.FluidicElement$8:
    adk.string.FluidicElement this$0 -> a
    void <init>(adk.string.FluidicElement) -> <init>
    void onAnimationUpdate(android.support.animation.DynamicAnimation,float,float) -> a
adk.string.FluidicElement$5 -> adk.string.FluidicElement$9:
    adk.string.FluidicElement this$0 -> a
    void <init>(adk.string.FluidicElement) -> <init>
    void onAnimationUpdate(android.support.animation.DynamicAnimation,float,float) -> a
adk.string.FluidicElement$6 -> adk.string.FluidicElement$10:
    adk.string.FluidicElement this$0 -> a
    void <init>(adk.string.FluidicElement) -> <init>
    void onAnimationUpdate(android.support.animation.DynamicAnimation,float,float) -> a
...
android.support.v7.widget.Toolbar$ExpandedActionViewMenuPresenter -> android.support.v7.widget.Toolbar$a:
    android.support.v7.view.menu.MenuBuilder mMenu -> a
    android.support.v7.view.menu.MenuItemImpl mCurrentExpandedItem -> b
    android.support.v7.widget.Toolbar this$0 -> c
    void <init>(android.support.v7.widget.Toolbar) -> <init>
    void initForMenu(android.content.Context,android.support.v7.view.menu.MenuBuilder) -> a
    void updateMenuView(boolean) -> b
    void setCallback(android.support.v7.view.menu.MenuPresenter$Callback) -> a
    boolean onSubMenuSelected(android.support.v7.view.menu.SubMenuBuilder) -> a
    void onCloseMenu(android.support.v7.view.menu.MenuBuilder,boolean) -> a
    boolean flagActionItems() -> b
    boolean expandItemActionView(android.support.v7.view.menu.MenuBuilder,android.support.v7.view.menu.MenuItemImpl) -> a
    boolean collapseItemActionView(android.support.v7.view.menu.MenuBuilder,android.support.v7.view.menu.MenuItemImpl) -> b
android.support.v7.widget.Toolbar$LayoutParams -> android.support.v7.widget.Toolbar$b:
    int mViewType -> b
    void <init>(android.content.Context,android.util.AttributeSet) -> <init>
    void <init>(int,int) -> <init>
    void <init>(android.support.v7.widget.Toolbar$LayoutParams) -> <init>
    void <init>(android.support.v7.app.ActionBar$LayoutParams) -> <init>
    void <init>(android.view.ViewGroup$MarginLayoutParams) -> <init>
    void <init>(android.view.ViewGroup$LayoutParams) -> <init>
    void copyMarginsFromCompat(android.view.ViewGroup$MarginLayoutParams) -> a
android.support.v7.widget.Toolbar$OnMenuItemClickListener -> android.support.v7.widget.Toolbar$c:
    boolean onMenuItemClick(android.view.MenuItem) -> a
android.support.v7.widget.Toolbar$SavedState -> android.support.v7.widget.Toolbar$d:
    int expandedMenuItemId -> a
    boolean isOverflowOpen -> b
    android.os.Parcelable$Creator CREATOR -> CREATOR
    void <init>(android.os.Parcel,java.lang.ClassLoader) -> <init>
    void <init>(android.os.Parcelable) -> <init>
    void writeToParcel(android.os.Parcel,int) -> writeToParcel
    void <clinit>() -> <clinit>
android.support.v7.widget.Toolbar$SavedState$1 -> android.support.v7.widget.Toolbar$d$1:
    void <init>() -> <init>
    android.support.v7.widget.Toolbar$SavedState createFromParcel(android.os.Parcel,java.lang.ClassLoader) -> a
    android.support.v7.widget.Toolbar$SavedState createFromParcel(android.os.Parcel) -> a
    android.support.v7.widget.Toolbar$SavedState[] newArray(int) -> a
    java.lang.Object createFromParcel(android.os.Parcel,java.lang.ClassLoader) -> createFromParcel
    java.lang.Object[] newArray(int) -> newArray
    java.lang.Object createFromParcel(android.os.Parcel) -> createFromParcel