app/build/outputs/mapping/release/usage.txt
adk.string.BuildConfig
adk.string.FluidicElement:
    private static final int HORIZONTAL
    private static final int VERTICAL
    private static final float FLING_FRICTION
    private static final float SPRING_DAMPING_RATIO
    private static final float SPRING_STIFFNESS
    320:322:public void flowUp()
    325:335:public void flowRight()
    339:349:public void flowLeft()
    443:460:public void flowUp(float)
    22:22:static synthetic float access$800(adk.string.FluidicElement)
    22:22:static synthetic float access$900(adk.string.FluidicElement)
    22:22:static synthetic float access$1000(adk.string.FluidicElement)
adk.string.FluidicElement$10
adk.string.FluidicElement$15
adk.string.FluidicElement$16
adk.string.FluidicElement$9
adk.string.HistoryController:
    157:157:int numberOfWords()
adk.string.OnboardingUsageFragment:
    47:47:public static adk.string.OnboardingUsageFragment newInstance(java.lang.String,java.lang.String)
adk.string.R
adk.string.R$anim
adk.string.R$animator
adk.string.R$array
adk.string.R$attr
adk.string.R$bool
adk.string.R$color
adk.string.R$dimen
adk.string.R$drawable
adk.string.R$font
adk.string.R$id
adk.string.R$integer
adk.string.R$layout
adk.string.R$mipmap
adk.string.R$string
adk.string.R$style
adk.string.R$styleable
adk.string.SimpleWord:
    87:87:boolean hasData()
adk.string.Utility:
    static final java.lang.String CHROME_DICT_BASE_LINK
adk.string.Word:
    static final int STATUS_NOT_STARTED
    static final int STATUS_AVAILABLE
    static final int STATUS_NOT_AVAILABLE
    static final int STATUS_SEARCHING
    public static final int MODE_NOUN
    public static final int MODE_VERB
    public static final int MODE_ADJ
    public static final int MODE_PRONUNCIATION
    public static final int MODE_EXAMPLE
adk.string.Wordnik.WordnikGrabber:
    public static final java.lang.String GET_NOUN
    public static final java.lang.String GET_VERB
    public static final java.lang.String GET_ADJECTIVE
    public static final java.lang.String GET_PRONUNCIATION
    public static final java.lang.String GET_EXAMPLE
    private static final java.lang.String API_KEY
...
com.google.android.gms.actions.NoteIntents
com.google.android.gms.actions.ReserveIntents
com.google.android.gms.actions.SearchIntents
com.google.android.gms.ads.identifier.AdvertisingIdClient
com.google.android.gms.ads.identifier.AdvertisingIdClient$Info
com.google.android.gms.ads.identifier.AdvertisingIdClient$zza
com.google.android.gms.ads.identifier.zza
com.google.android.gms.ads.identifier.zzb
com.google.android.gms.ads.identifier.zzc
com.google.android.gms.auth.api.signin.GoogleSignInAccount:
    public static com.google.android.gms.auth.api.signin.GoogleSignInAccount zzaaz()
    public final varargs com.google.android.gms.auth.api.signin.GoogleSignInAccount zza(com.google.android.gms.common.api.Scope[])
    public final boolean zza()
    public final java.lang.String zzaba()
    public java.util.Set getGrantedScopes()
    public final java.lang.String zzabc()
    private final org.json.JSONObject toJsonObject()
    static final synthetic int zza(com.google.android.gms.common.api.Scope,com.google.android.gms.common.api.Scope)
com.google.android.gms.auth.api.signin.GoogleSignInOptions
com.google.android.gms.auth.api.signin.GoogleSignInOptions$Builder
com.google.android.gms.auth.api.signin.GoogleSignInOptionsExtension
com.google.android.gms.auth.api.signin.internal.zzm
com.google.android.gms.auth.api.signin.internal.zzn
com.google.android.gms.auth.api.signin.internal.zzp
com.google.android.gms.auth.api.signin.internal.zzz:
    final void zza(com.google.android.gms.auth.api.signin.GoogleSignInAccount,com.google.android.gms.auth.api.signin.GoogleSignInOptions)
    protected final void zzo(java.lang.String,java.lang.String)
    public final com.google.android.gms.auth.api.signin.GoogleSignInOptions zzabu()
    private final com.google.android.gms.auth.api.signin.GoogleSignInOptions zzey(java.lang.String)
    public final void zzabv()
    private final void zzfa(java.lang.String)
    public final void clear()
com.google.android.gms.auth.api.signin.zza
com.google.android.gms.auth.api.signin.zzd
com.google.android.gms.auth.api.signin.zze
com.google.android.gms.base.R
com.google.android.gms.base.license.R
com.google.android.gms.common.AccountPicker
com.google.android.gms.common.ConnectionResult:
    public static final int SUCCESS
    public static final int SERVICE_MISSING
    public static final int SERVICE_VERSION_UPDATE_REQUIRED
    public static final int SERVICE_DISABLED
    public static final int SIGN_IN_REQUIRED
    public static final int INVALID_ACCOUNT
    public static final int RESOLUTION_REQUIRED
    public static final int NETWORK_ERROR
    public static final int INTERNAL_ERROR
    public static final int SERVICE_INVALID
    public static final int DEVELOPER_ERROR
    public static final int LICENSE_CHECK_FAILED
    public static final int CANCELED
    public static final int TIMEOUT
    public static final int INTERRUPTED
    public static final int API_UNAVAILABLE
    public static final int SIGN_IN_FAILED
    public static final int SERVICE_UPDATING
    public static final int SERVICE_MISSING_PERMISSION
    public static final int RESTRICTED_PROFILE
    public static final int DRIVE_EXTERNAL_STORAGE_REQUIRED
    public final void startResolutionForResult(android.app.Activity,int)
com.google.android.gms.common.ErrorDialogFragment:
    public static com.google.android.gms.common.ErrorDialogFragment newInstance(android.app.Dialog)